
Circuit 1 cell sky130_fd_pr__pfet_01v8 and Circuit 2 cell sky130_fd_pr__pfet_01v8 are black boxes.
Warning: Equate pins:  cell sky130_fd_pr__pfet_01v8 is a placeholder, treated as a black box.
Warning: Equate pins:  cell sky130_fd_pr__pfet_01v8 is a placeholder, treated as a black box.

Subcircuit pins:
Circuit 1: sky130_fd_pr__pfet_01v8         |Circuit 2: sky130_fd_pr__pfet_01v8         
-------------------------------------------|-------------------------------------------
1                                          |1                                          
2                                          |2                                          
3                                          |3                                          
4                                          |4                                          
---------------------------------------------------------------------------------------
Cell pin lists are equivalent.
Device classes sky130_fd_pr__pfet_01v8 and sky130_fd_pr__pfet_01v8 are equivalent.

Circuit 1 cell sky130_fd_pr__nfet_01v8 and Circuit 2 cell sky130_fd_pr__nfet_01v8 are black boxes.
Warning: Equate pins:  cell sky130_fd_pr__nfet_01v8 is a placeholder, treated as a black box.
Warning: Equate pins:  cell sky130_fd_pr__nfet_01v8 is a placeholder, treated as a black box.

Subcircuit pins:
Circuit 1: sky130_fd_pr__nfet_01v8         |Circuit 2: sky130_fd_pr__nfet_01v8         
-------------------------------------------|-------------------------------------------
1                                          |1                                          
2                                          |2                                          
3                                          |3                                          
4                                          |4                                          
---------------------------------------------------------------------------------------
Cell pin lists are equivalent.
Device classes sky130_fd_pr__nfet_01v8 and sky130_fd_pr__nfet_01v8 are equivalent.
Flattening unmatched subcell sky130_fd_pr__pfet_01v8_A64S85 in circuit nand2 (1)(1 instance)
Flattening unmatched subcell sky130_fd_pr__nfet_01v8_8H4MRT in circuit nand2 (1)(2 instances)

Class nand2 (1):  Merged 4 parallel devices.
Subcircuit summary:
Circuit 1: nand2                           |Circuit 2: nand2                           
-------------------------------------------|-------------------------------------------
sky130_fd_pr__nfet_01v8 (2)                |sky130_fd_pr__nfet_01v8 (2)                
sky130_fd_pr__pfet_01v8 (2)                |sky130_fd_pr__pfet_01v8 (6->2)             
Number of devices: 4                       |Number of devices: 4                       
Number of nets: 6 **Mismatch**             |Number of nets: 8 **Mismatch**             
---------------------------------------------------------------------------------------
NET mismatches: Class fragments follow (with fanout counts):
Circuit 1: nand2                           |Circuit 2: nand2                           

---------------------------------------------------------------------------------------
Net: net1                                  |Net: m1_50_250#                            
  sky130_fd_pr__nfet_01v8/(1|3) = 2        |  sky130_fd_pr__pfet_01v8/(1|3) = 2        
  sky130_fd_pr__nfet_01v8/4 = 1            |                                           
                                           |                                           
Net: VSS                                   |Net: VSS                                   
  sky130_fd_pr__nfet_01v8/(1|3) = 1        |  sky130_fd_pr__nfet_01v8/(1|3) = 1        
  sky130_fd_pr__nfet_01v8/4 = 1            |                                           
                                           |                                           
Net: VDD                                   |Net: VSUBS                                 
  sky130_fd_pr__pfet_01v8/(1|3) = 2        |  sky130_fd_pr__nfet_01v8/4 = 2            
  sky130_fd_pr__pfet_01v8/4 = 2            |                                           
                                           |                                           
(no matching net)                          |Net: /sky130_fd_pr__pfet_01v8_A64S85_0/w_n 
                                           |  sky130_fd_pr__pfet_01v8/4 = 2            
                                           |                                           
(no matching net)                          |Net: sky130_fd_pr__nfet_01v8_8H4MRT_1/a_30 
                                           |  sky130_fd_pr__nfet_01v8/(1|3) = 2        
---------------------------------------------------------------------------------------
Netlists do not match.

Subcircuit pins:
Circuit 1: nand2                           |Circuit 2: nand2                           
-------------------------------------------|-------------------------------------------
VSS                                        |*sky130_fd_pr__nfet_01v8_8H4MRT_1/a_30_n69 
VDD                                        |*VSUBS **Mismatch**                        
A                                          |A                                          
B                                          |B                                          
Y                                          |Y                                          
**no match**                               |VSS                                        
---------------------------------------------------------------------------------------
Cell pin lists for nand2 and nand2 do not match.

Final result: Netlists do not match.
